
*** Running vivado
    with args -log Cnt4bits_ILA_MA_clk_wiz_0.vds -m64 -product Vivado -mode batch -messageDb vivado.pb -notrace -source Cnt4bits_ILA_MA_clk_wiz_0.tcl



****** Vivado v2024.1 (64-bit)
  **** SW Build 5076996 on Wed May 22 18:37:14 MDT 2024
  **** IP Build 5075265 on Wed May 22 21:45:21 MDT 2024
  **** SharedData Build 5076995 on Wed May 22 18:29:18 MDT 2024
  **** Start of session at: Sun Nov  3 03:08:54 2024
    ** Copyright 1986-2022 Xilinx, Inc. All Rights Reserved.
    ** Copyright 2022-2024 Advanced Micro Devices, Inc. All Rights Reserved.

source Cnt4bits_ILA_MA_clk_wiz_0.tcl -notrace
create_project: Time (s): cpu = 00:00:30 ; elapsed = 00:00:33 . Memory (MB): peak = 524.711 ; gain = 234.234
INFO: [IP_Flow 19-6924] IPCACHE: Running cache check for IP inst: Cnt4bits_ILA_MA_clk_wiz_0
Command: synth_design -top Cnt4bits_ILA_MA_clk_wiz_0 -part xc7a100tcsg324-1 -incremental_mode off -mode out_of_context
Starting synth_design
Attempting to get a license for feature 'Synthesis' and/or device 'xc7a100t'
INFO: [Common 17-349] Got license for feature 'Synthesis' and/or device 'xc7a100t'
INFO: [Device 21-403] Loading part xc7a100tcsg324-1
INFO: [Device 21-9227] Part: xc7a100tcsg324-1 does not have CEAM library.
INFO: [Synth 8-7079] Multithreading enabled for synth_design using a maximum of 2 processes.
INFO: [Synth 8-7078] Launching helper process for spawning children vivado processes
INFO: [Synth 8-7075] Helper process launched with PID 15384
---------------------------------------------------------------------------------
Starting RTL Elaboration : Time (s): cpu = 00:00:17 ; elapsed = 00:00:24 . Memory (MB): peak = 1404.762 ; gain = 447.320
---------------------------------------------------------------------------------
INFO: [Synth 8-6157] synthesizing module 'Cnt4bits_ILA_MA_clk_wiz_0' [c:/temp/Vivado_WorkSpace/Cnt4bits_ILA_MA/Cnt4bits_ILA_MA.gen/sources_1/bd/Cnt4bits_ILA_MA/ip/Cnt4bits_ILA_MA_clk_wiz_0/Cnt4bits_ILA_MA_clk_wiz_0.v:65]
INFO: [Synth 8-6157] synthesizing module 'Cnt4bits_ILA_MA_clk_wiz_0_clk_wiz' [c:/temp/Vivado_WorkSpace/Cnt4bits_ILA_MA/Cnt4bits_ILA_MA.gen/sources_1/bd/Cnt4bits_ILA_MA/ip/Cnt4bits_ILA_MA_clk_wiz_0/Cnt4bits_ILA_MA_clk_wiz_0_clk_wiz.v:65]
INFO: [Synth 8-6157] synthesizing module 'IBUF' [C:/Xilinx/Vivado/2024.1/scripts/rt/data/unisim_comp.v:73643]
INFO: [Synth 8-6155] done synthesizing module 'IBUF' (0#1) [C:/Xilinx/Vivado/2024.1/scripts/rt/data/unisim_comp.v:73643]
INFO: [Synth 8-6157] synthesizing module 'MMCME2_ADV' [C:/Xilinx/Vivado/2024.1/scripts/rt/data/unisim_comp.v:82388]
	Parameter BANDWIDTH bound to: OPTIMIZED - type: string 
	Parameter CLKFBOUT_MULT_F bound to: 10.000000 - type: double 
	Parameter CLKFBOUT_PHASE bound to: 0.000000 - type: double 
	Parameter CLKFBOUT_USE_FINE_PS bound to: FALSE - type: string 
	Parameter CLKIN1_PERIOD bound to: 10.000000 - type: double 
	Parameter CLKOUT0_DIVIDE_F bound to: 10.000000 - type: double 
	Parameter CLKOUT0_DUTY_CYCLE bound to: 0.500000 - type: double 
	Parameter CLKOUT0_PHASE bound to: 0.000000 - type: double 
	Parameter CLKOUT0_USE_FINE_PS bound to: FALSE - type: string 
	Parameter CLKOUT4_CASCADE bound to: FALSE - type: string 
	Parameter COMPENSATION bound to: ZHOLD - type: string 
	Parameter DIVCLK_DIVIDE bound to: 1 - type: integer 
	Parameter STARTUP_WAIT bound to: FALSE - type: string 
INFO: [Synth 8-6155] done synthesizing module 'MMCME2_ADV' (0#1) [C:/Xilinx/Vivado/2024.1/scripts/rt/data/unisim_comp.v:82388]
INFO: [Synth 8-6157] synthesizing module 'BUFG' [C:/Xilinx/Vivado/2024.1/scripts/rt/data/unisim_comp.v:1951]
INFO: [Synth 8-6155] done synthesizing module 'BUFG' (0#1) [C:/Xilinx/Vivado/2024.1/scripts/rt/data/unisim_comp.v:1951]
INFO: [Synth 8-6155] done synthesizing module 'Cnt4bits_ILA_MA_clk_wiz_0_clk_wiz' (0#1) [c:/temp/Vivado_WorkSpace/Cnt4bits_ILA_MA/Cnt4bits_ILA_MA.gen/sources_1/bd/Cnt4bits_ILA_MA/ip/Cnt4bits_ILA_MA_clk_wiz_0/Cnt4bits_ILA_MA_clk_wiz_0_clk_wiz.v:65]
INFO: [Synth 8-6155] done synthesizing module 'Cnt4bits_ILA_MA_clk_wiz_0' (0#1) [c:/temp/Vivado_WorkSpace/Cnt4bits_ILA_MA/Cnt4bits_ILA_MA.gen/sources_1/bd/Cnt4bits_ILA_MA/ip/Cnt4bits_ILA_MA_clk_wiz_0/Cnt4bits_ILA_MA_clk_wiz_0.v:65]
---------------------------------------------------------------------------------
Finished RTL Elaboration : Time (s): cpu = 00:00:23 ; elapsed = 00:00:31 . Memory (MB): peak = 1518.219 ; gain = 560.777
---------------------------------------------------------------------------------
---------------------------------------------------------------------------------
Start Handling Custom Attributes
---------------------------------------------------------------------------------
---------------------------------------------------------------------------------
Finished Handling Custom Attributes : Time (s): cpu = 00:00:23 ; elapsed = 00:00:31 . Memory (MB): peak = 1518.219 ; gain = 560.777
---------------------------------------------------------------------------------
---------------------------------------------------------------------------------
Finished RTL Optimization Phase 1 : Time (s): cpu = 00:00:23 ; elapsed = 00:00:31 . Memory (MB): peak = 1518.219 ; gain = 560.777
---------------------------------------------------------------------------------
Netlist sorting complete. Time (s): cpu = 00:00:00 ; elapsed = 00:00:00 . Memory (MB): peak = 1518.219 ; gain = 0.000
INFO: [Netlist 29-17] Analyzing 1 Unisim elements for replacement
INFO: [Netlist 29-28] Unisim Transformation completed in 1 CPU seconds
INFO: [Project 1-570] Preparing netlist for logic optimization

Processing XDC Constraints
Initializing timing engine
Parsing XDC File [c:/temp/Vivado_WorkSpace/Cnt4bits_ILA_MA/Cnt4bits_ILA_MA.gen/sources_1/bd/Cnt4bits_ILA_MA/ip/Cnt4bits_ILA_MA_clk_wiz_0/Cnt4bits_ILA_MA_clk_wiz_0_ooc.xdc] for cell 'inst'
Finished Parsing XDC File [c:/temp/Vivado_WorkSpace/Cnt4bits_ILA_MA/Cnt4bits_ILA_MA.gen/sources_1/bd/Cnt4bits_ILA_MA/ip/Cnt4bits_ILA_MA_clk_wiz_0/Cnt4bits_ILA_MA_clk_wiz_0_ooc.xdc] for cell 'inst'
Parsing XDC File [c:/temp/Vivado_WorkSpace/Cnt4bits_ILA_MA/Cnt4bits_ILA_MA.gen/sources_1/bd/Cnt4bits_ILA_MA/ip/Cnt4bits_ILA_MA_clk_wiz_0/Cnt4bits_ILA_MA_clk_wiz_0_board.xdc] for cell 'inst'
Finished Parsing XDC File [c:/temp/Vivado_WorkSpace/Cnt4bits_ILA_MA/Cnt4bits_ILA_MA.gen/sources_1/bd/Cnt4bits_ILA_MA/ip/Cnt4bits_ILA_MA_clk_wiz_0/Cnt4bits_ILA_MA_clk_wiz_0_board.xdc] for cell 'inst'
Parsing XDC File [c:/temp/Vivado_WorkSpace/Cnt4bits_ILA_MA/Cnt4bits_ILA_MA.gen/sources_1/bd/Cnt4bits_ILA_MA/ip/Cnt4bits_ILA_MA_clk_wiz_0/Cnt4bits_ILA_MA_clk_wiz_0.xdc] for cell 'inst'
Finished Parsing XDC File [c:/temp/Vivado_WorkSpace/Cnt4bits_ILA_MA/Cnt4bits_ILA_MA.gen/sources_1/bd/Cnt4bits_ILA_MA/ip/Cnt4bits_ILA_MA_clk_wiz_0/Cnt4bits_ILA_MA_clk_wiz_0.xdc] for cell 'inst'
INFO: [Project 1-236] Implementation specific constraints were found while reading constraint file [c:/temp/Vivado_WorkSpace/Cnt4bits_ILA_MA/Cnt4bits_ILA_MA.gen/sources_1/bd/Cnt4bits_ILA_MA/ip/Cnt4bits_ILA_MA_clk_wiz_0/Cnt4bits_ILA_MA_clk_wiz_0.xdc]. These constraints will be ignored for synthesis but will be used in implementation. Impacted constraints are listed in the file [.Xil/Cnt4bits_ILA_MA_clk_wiz_0_propImpl.xdc].
Resolution: To avoid this warning, move constraints listed in [.Xil/Cnt4bits_ILA_MA_clk_wiz_0_propImpl.xdc] to another XDC file and exclude this new file from synthesis with the used_in_synthesis property (File Properties dialog in GUI) and re-run elaboration/synthesis.
INFO: [Timing 38-2] Deriving generated clocks
Parsing XDC File [C:/temp/Vivado_WorkSpace/Cnt4bits_ILA_MA/Cnt4bits_ILA_MA.runs/Cnt4bits_ILA_MA_clk_wiz_0_synth_1/dont_touch.xdc]
Finished Parsing XDC File [C:/temp/Vivado_WorkSpace/Cnt4bits_ILA_MA/Cnt4bits_ILA_MA.runs/Cnt4bits_ILA_MA_clk_wiz_0_synth_1/dont_touch.xdc]
Completed Processing XDC Constraints

Netlist sorting complete. Time (s): cpu = 00:00:00 ; elapsed = 00:00:00 . Memory (MB): peak = 1535.766 ; gain = 0.000
INFO: [Project 1-111] Unisim Transformation Summary:
No Unisim elements were transformed.

Constraint Validation Runtime : Time (s): cpu = 00:00:01 ; elapsed = 00:00:00.073 . Memory (MB): peak = 1535.973 ; gain = 0.207
INFO: [Designutils 20-5008] Incremental synthesis strategy off
---------------------------------------------------------------------------------
Finished Constraint Validation : Time (s): cpu = 00:00:47 ; elapsed = 00:00:59 . Memory (MB): peak = 1535.973 ; gain = 578.531
---------------------------------------------------------------------------------
---------------------------------------------------------------------------------
Start Loading Part and Timing Information
---------------------------------------------------------------------------------
Loading part: xc7a100tcsg324-1
---------------------------------------------------------------------------------
Finished Loading Part and Timing Information : Time (s): cpu = 00:00:47 ; elapsed = 00:00:59 . Memory (MB): peak = 1535.973 ; gain = 578.531
---------------------------------------------------------------------------------
---------------------------------------------------------------------------------
Start Applying 'set_property' XDC Constraints
---------------------------------------------------------------------------------
Applied set_property KEEP_HIERARCHY = SOFT for inst. (constraint file  C:/temp/Vivado_WorkSpace/Cnt4bits_ILA_MA/Cnt4bits_ILA_MA.runs/Cnt4bits_ILA_MA_clk_wiz_0_synth_1/dont_touch.xdc, line 9).
Applied set_property KEEP = true for clk_in1. (constraint file  auto generated constraint).
Applied set_property KEEP = true for resetn. (constraint file  auto generated constraint).
---------------------------------------------------------------------------------
Finished applying 'set_property' XDC Constraints : Time (s): cpu = 00:00:47 ; elapsed = 00:00:59 . Memory (MB): peak = 1535.973 ; gain = 578.531
---------------------------------------------------------------------------------
---------------------------------------------------------------------------------
Finished RTL Optimization Phase 2 : Time (s): cpu = 00:00:48 ; elapsed = 00:01:00 . Memory (MB): peak = 1535.973 ; gain = 578.531
---------------------------------------------------------------------------------
---------------------------------------------------------------------------------
Start RTL Component Statistics 
---------------------------------------------------------------------------------
Detailed RTL Component Info : 
---------------------------------------------------------------------------------
Finished RTL Component Statistics 
---------------------------------------------------------------------------------
---------------------------------------------------------------------------------
Start Part Resource Summary
---------------------------------------------------------------------------------
Part Resources:
DSPs: 240 (col length:80)
BRAMs: 270 (col length: RAMB18 80 RAMB36 40)
---------------------------------------------------------------------------------
Finished Part Resource Summary
---------------------------------------------------------------------------------
---------------------------------------------------------------------------------
Start Cross Boundary and Area Optimization
---------------------------------------------------------------------------------
WARNING: [Synth 8-7080] Parallel synthesis criteria is not met
---------------------------------------------------------------------------------
Finished Cross Boundary and Area Optimization : Time (s): cpu = 00:00:54 ; elapsed = 00:01:06 . Memory (MB): peak = 1535.973 ; gain = 578.531
---------------------------------------------------------------------------------
---------------------------------------------------------------------------------
Start Applying XDC Timing Constraints
---------------------------------------------------------------------------------
---------------------------------------------------------------------------------
Finished Applying XDC Timing Constraints : Time (s): cpu = 00:01:11 ; elapsed = 00:01:24 . Memory (MB): peak = 1535.973 ; gain = 578.531
---------------------------------------------------------------------------------
---------------------------------------------------------------------------------
Start Timing Optimization
---------------------------------------------------------------------------------
---------------------------------------------------------------------------------
Finished Timing Optimization : Time (s): cpu = 00:01:11 ; elapsed = 00:01:24 . Memory (MB): peak = 1535.973 ; gain = 578.531
---------------------------------------------------------------------------------
---------------------------------------------------------------------------------
Start Technology Mapping
---------------------------------------------------------------------------------
---------------------------------------------------------------------------------
Finished Technology Mapping : Time (s): cpu = 00:01:11 ; elapsed = 00:01:24 . Memory (MB): peak = 1535.973 ; gain = 578.531
---------------------------------------------------------------------------------
---------------------------------------------------------------------------------
Start IO Insertion
---------------------------------------------------------------------------------
---------------------------------------------------------------------------------
Start Flattening Before IO Insertion
---------------------------------------------------------------------------------
---------------------------------------------------------------------------------
Finished Flattening Before IO Insertion
---------------------------------------------------------------------------------
---------------------------------------------------------------------------------
Start Final Netlist Cleanup
---------------------------------------------------------------------------------
---------------------------------------------------------------------------------
Finished Final Netlist Cleanup
---------------------------------------------------------------------------------
---------------------------------------------------------------------------------
Finished IO Insertion : Time (s): cpu = 00:01:26 ; elapsed = 00:01:40 . Memory (MB): peak = 1535.973 ; gain = 578.531
---------------------------------------------------------------------------------
---------------------------------------------------------------------------------
Start Renaming Generated Instances
---------------------------------------------------------------------------------
---------------------------------------------------------------------------------
Finished Renaming Generated Instances : Time (s): cpu = 00:01:26 ; elapsed = 00:01:40 . Memory (MB): peak = 1535.973 ; gain = 578.531
---------------------------------------------------------------------------------
---------------------------------------------------------------------------------
Start Rebuilding User Hierarchy
---------------------------------------------------------------------------------
---------------------------------------------------------------------------------
Finished Rebuilding User Hierarchy : Time (s): cpu = 00:01:26 ; elapsed = 00:01:40 . Memory (MB): peak = 1535.973 ; gain = 578.531
---------------------------------------------------------------------------------
---------------------------------------------------------------------------------
Start Renaming Generated Ports
---------------------------------------------------------------------------------
---------------------------------------------------------------------------------
Finished Renaming Generated Ports : Time (s): cpu = 00:01:26 ; elapsed = 00:01:40 . Memory (MB): peak = 1535.973 ; gain = 578.531
---------------------------------------------------------------------------------
---------------------------------------------------------------------------------
Start Handling Custom Attributes
---------------------------------------------------------------------------------
---------------------------------------------------------------------------------
Finished Handling Custom Attributes : Time (s): cpu = 00:01:26 ; elapsed = 00:01:40 . Memory (MB): peak = 1535.973 ; gain = 578.531
---------------------------------------------------------------------------------
---------------------------------------------------------------------------------
Start Renaming Generated Nets
---------------------------------------------------------------------------------
---------------------------------------------------------------------------------
Finished Renaming Generated Nets : Time (s): cpu = 00:01:26 ; elapsed = 00:01:40 . Memory (MB): peak = 1535.973 ; gain = 578.531
---------------------------------------------------------------------------------
---------------------------------------------------------------------------------
Start Writing Synthesis Report
---------------------------------------------------------------------------------

Report BlackBoxes: 
+-+--------------+----------+
| |BlackBox name |Instances |
+-+--------------+----------+
+-+--------------+----------+

Report Cell Usage: 
+------+-----------+------+
|      |Cell       |Count |
+------+-----------+------+
|1     |BUFG       |     2|
|2     |LUT1       |     1|
|3     |MMCME2_ADV |     1|
|4     |IBUF       |     1|
+------+-----------+------+
---------------------------------------------------------------------------------
Finished Writing Synthesis Report : Time (s): cpu = 00:01:26 ; elapsed = 00:01:40 . Memory (MB): peak = 1535.973 ; gain = 578.531
---------------------------------------------------------------------------------
Synthesis finished with 0 errors, 0 critical warnings and 1 warnings.
Synthesis Optimization Runtime : Time (s): cpu = 00:00:58 ; elapsed = 00:01:34 . Memory (MB): peak = 1535.973 ; gain = 560.777
Synthesis Optimization Complete : Time (s): cpu = 00:01:27 ; elapsed = 00:01:41 . Memory (MB): peak = 1535.973 ; gain = 578.531
INFO: [Project 1-571] Translating synthesized netlist
Netlist sorting complete. Time (s): cpu = 00:00:00 ; elapsed = 00:00:00 . Memory (MB): peak = 1535.973 ; gain = 0.000
INFO: [Netlist 29-17] Analyzing 1 Unisim elements for replacement
INFO: [Netlist 29-28] Unisim Transformation completed in 0 CPU seconds
INFO: [Project 1-570] Preparing netlist for logic optimization
INFO: [Opt 31-138] Pushed 0 inverter(s) to 0 load pin(s).
Netlist sorting complete. Time (s): cpu = 00:00:00 ; elapsed = 00:00:00 . Memory (MB): peak = 1535.973 ; gain = 0.000
INFO: [Project 1-111] Unisim Transformation Summary:
No Unisim elements were transformed.

Synth Design complete | Checksum: 438661f1
INFO: [Common 17-83] Releasing license: Synthesis
31 Infos, 1 Warnings, 0 Critical Warnings and 0 Errors encountered.
synth_design completed successfully
synth_design: Time (s): cpu = 00:01:42 ; elapsed = 00:02:04 . Memory (MB): peak = 1535.973 ; gain = 997.102
Write ShapeDB Complete: Time (s): cpu = 00:00:01 ; elapsed = 00:00:00.003 . Memory (MB): peak = 1535.973 ; gain = 0.000
INFO: [Common 17-1381] The checkpoint 'C:/temp/Vivado_WorkSpace/Cnt4bits_ILA_MA/Cnt4bits_ILA_MA.runs/Cnt4bits_ILA_MA_clk_wiz_0_synth_1/Cnt4bits_ILA_MA_clk_wiz_0.dcp' has been generated.
INFO: [Coretcl 2-1648] Added synthesis output to IP cache for IP Cnt4bits_ILA_MA_clk_wiz_0, cache-ID = bf51017f15ad266e
Write ShapeDB Complete: Time (s): cpu = 00:00:00 ; elapsed = 00:00:00.002 . Memory (MB): peak = 1535.973 ; gain = 0.000
INFO: [Common 17-1381] The checkpoint 'C:/temp/Vivado_WorkSpace/Cnt4bits_ILA_MA/Cnt4bits_ILA_MA.runs/Cnt4bits_ILA_MA_clk_wiz_0_synth_1/Cnt4bits_ILA_MA_clk_wiz_0.dcp' has been generated.
INFO: [Vivado 12-24828] Executing command : report_utilization -file Cnt4bits_ILA_MA_clk_wiz_0_utilization_synth.rpt -pb Cnt4bits_ILA_MA_clk_wiz_0_utilization_synth.pb
INFO: [Common 17-206] Exiting Vivado at Sun Nov  3 03:11:44 2024...
