
*** Running vivado
    with args -log Cnt4bits_ILA_MA_wrapper.vds -m64 -product Vivado -mode batch -messageDb vivado.pb -notrace -source Cnt4bits_ILA_MA_wrapper.tcl



****** Vivado v2024.1 (64-bit)
  **** SW Build 5076996 on Wed May 22 18:37:14 MDT 2024
  **** IP Build 5075265 on Wed May 22 21:45:21 MDT 2024
  **** SharedData Build 5076995 on Wed May 22 18:29:18 MDT 2024
  **** Start of session at: Wed Feb 19 09:06:43 2025
    ** Copyright 1986-2022 Xilinx, Inc. All Rights Reserved.
    ** Copyright 2022-2024 Advanced Micro Devices, Inc. All Rights Reserved.

source Cnt4bits_ILA_MA_wrapper.tcl -notrace
create_project: Time (s): cpu = 00:00:19 ; elapsed = 00:00:21 . Memory (MB): peak = 527.648 ; gain = 237.879
INFO: [IP_Flow 19-234] Refreshing IP repositories
INFO: [IP_Flow 19-1704] No user IP repositories specified
INFO: [IP_Flow 19-2313] Loaded Vivado IP repository 'C:/Xilinx/Vivado/2024.1/data/ip'.
add_files: Time (s): cpu = 00:00:06 ; elapsed = 00:00:07 . Memory (MB): peak = 565.867 ; gain = 38.219
Command: read_checkpoint -auto_incremental -incremental C:/Users/EMELNIAP8/Downloads/CntNbits_L_Sim_ILA_MA/CntNbits_L_Sim_ILA_MA/CntNbits_L_Sim_ILA_MA.srcs/utils_1/imports/synth_1/Cnt4bits_ILA_MA_wrapper.dcp
INFO: [Vivado 12-5825] Read reference checkpoint from C:/Users/EMELNIAP8/Downloads/CntNbits_L_Sim_ILA_MA/CntNbits_L_Sim_ILA_MA/CntNbits_L_Sim_ILA_MA.srcs/utils_1/imports/synth_1/Cnt4bits_ILA_MA_wrapper.dcp for incremental synthesis
INFO: [Vivado 12-7989] Please ensure there are no constraint changes
Command: synth_design -top Cnt4bits_ILA_MA_wrapper -part xc7a100tcsg324-1
Starting synth_design
Attempting to get a license for feature 'Synthesis' and/or device 'xc7a100t'
INFO: [Common 17-349] Got license for feature 'Synthesis' and/or device 'xc7a100t'
INFO: [Device 21-403] Loading part xc7a100tcsg324-1
INFO: [Device 21-9227] Part: xc7a100tcsg324-1 does not have CEAM library.
INFO: [Designutils 20-5440] No compile time benefit to using incremental synthesis; A full resynthesis will be run
INFO: [Designutils 20-4379] Flow is switching to default flow due to incremental criteria not met. If you would like to alter this behaviour and have the flow terminate instead, please set the following parameter config_implementation {autoIncr.Synth.RejectBehavior Terminate}
INFO: [Synth 8-7079] Multithreading enabled for synth_design using a maximum of 2 processes.
INFO: [Synth 8-7078] Launching helper process for spawning children vivado processes
INFO: [Synth 8-7075] Helper process launched with PID 16616
---------------------------------------------------------------------------------
Starting RTL Elaboration : Time (s): cpu = 00:00:12 ; elapsed = 00:00:13 . Memory (MB): peak = 1434.953 ; gain = 447.445
---------------------------------------------------------------------------------
INFO: [Synth 8-638] synthesizing module 'Cnt4bits_ILA_MA_wrapper' [C:/Users/EMELNIAP8/Downloads/CntNbits_L_Sim_ILA_MA/CntNbits_L_Sim_ILA_MA/CntNbits_L_Sim_ILA_MA.gen/sources_1/bd/Cnt4bits_ILA_MA/hdl/Cnt4bits_ILA_MA_wrapper.vhd:29]
INFO: [Synth 8-3491] module 'Cnt4bits_ILA_MA' declared at 'c:/Users/EMELNIAP8/Downloads/CntNbits_L_Sim_ILA_MA/CntNbits_L_Sim_ILA_MA/CntNbits_L_Sim_ILA_MA.gen/sources_1/bd/Cnt4bits_ILA_MA/synth/Cnt4bits_ILA_MA.vhd:15' bound to instance 'Cnt4bits_ILA_MA_i' of component 'Cnt4bits_ILA_MA' [C:/Users/EMELNIAP8/Downloads/CntNbits_L_Sim_ILA_MA/CntNbits_L_Sim_ILA_MA/CntNbits_L_Sim_ILA_MA.gen/sources_1/bd/Cnt4bits_ILA_MA/hdl/Cnt4bits_ILA_MA_wrapper.vhd:44]
INFO: [Synth 8-638] synthesizing module 'Cnt4bits_ILA_MA' [c:/Users/EMELNIAP8/Downloads/CntNbits_L_Sim_ILA_MA/CntNbits_L_Sim_ILA_MA/CntNbits_L_Sim_ILA_MA.gen/sources_1/bd/Cnt4bits_ILA_MA/synth/Cnt4bits_ILA_MA.vhd:33]
INFO: [Synth 8-3491] module 'Cnt4bits_ILA_MA_CntNbits_L_MA_0_0' declared at 'C:/Users/EMELNIAP8/Downloads/CntNbits_L_Sim_ILA_MA/CntNbits_L_Sim_ILA_MA/CntNbits_L_Sim_ILA_MA.runs/synth_1/.Xil/Vivado-14092-NTTD-GZ9VL13/realtime/Cnt4bits_ILA_MA_CntNbits_L_MA_0_0_stub.vhdl:6' bound to instance 'CntNbits_L_MA_0' of component 'Cnt4bits_ILA_MA_CntNbits_L_MA_0_0' [c:/Users/EMELNIAP8/Downloads/CntNbits_L_Sim_ILA_MA/CntNbits_L_Sim_ILA_MA/CntNbits_L_Sim_ILA_MA.gen/sources_1/bd/Cnt4bits_ILA_MA/synth/Cnt4bits_ILA_MA.vhd:142]
INFO: [Synth 8-638] synthesizing module 'Cnt4bits_ILA_MA_CntNbits_L_MA_0_0' [C:/Users/EMELNIAP8/Downloads/CntNbits_L_Sim_ILA_MA/CntNbits_L_Sim_ILA_MA/CntNbits_L_Sim_ILA_MA.runs/synth_1/.Xil/Vivado-14092-NTTD-GZ9VL13/realtime/Cnt4bits_ILA_MA_CntNbits_L_MA_0_0_stub.vhdl:20]
INFO: [Synth 8-3491] module 'Cnt4bits_ILA_MA_Divblock_0_0' declared at 'C:/Users/EMELNIAP8/Downloads/CntNbits_L_Sim_ILA_MA/CntNbits_L_Sim_ILA_MA/CntNbits_L_Sim_ILA_MA.runs/synth_1/.Xil/Vivado-14092-NTTD-GZ9VL13/realtime/Cnt4bits_ILA_MA_Divblock_0_0_stub.vhdl:6' bound to instance 'Divblock_0' of component 'Cnt4bits_ILA_MA_Divblock_0_0' [c:/Users/EMELNIAP8/Downloads/CntNbits_L_Sim_ILA_MA/CntNbits_L_Sim_ILA_MA/CntNbits_L_Sim_ILA_MA.gen/sources_1/bd/Cnt4bits_ILA_MA/synth/Cnt4bits_ILA_MA.vhd:153]
INFO: [Synth 8-638] synthesizing module 'Cnt4bits_ILA_MA_Divblock_0_0' [C:/Users/EMELNIAP8/Downloads/CntNbits_L_Sim_ILA_MA/CntNbits_L_Sim_ILA_MA/CntNbits_L_Sim_ILA_MA.runs/synth_1/.Xil/Vivado-14092-NTTD-GZ9VL13/realtime/Cnt4bits_ILA_MA_Divblock_0_0_stub.vhdl:16]
INFO: [Synth 8-3491] module 'Cnt4bits_ILA_MA_clk_wiz_0' declared at 'C:/Users/EMELNIAP8/Downloads/CntNbits_L_Sim_ILA_MA/CntNbits_L_Sim_ILA_MA/CntNbits_L_Sim_ILA_MA.runs/synth_1/.Xil/Vivado-14092-NTTD-GZ9VL13/realtime/Cnt4bits_ILA_MA_clk_wiz_0_stub.vhdl:6' bound to instance 'clk_wiz' of component 'Cnt4bits_ILA_MA_clk_wiz_0' [c:/Users/EMELNIAP8/Downloads/CntNbits_L_Sim_ILA_MA/CntNbits_L_Sim_ILA_MA/CntNbits_L_Sim_ILA_MA.gen/sources_1/bd/Cnt4bits_ILA_MA/synth/Cnt4bits_ILA_MA.vhd:160]
INFO: [Synth 8-638] synthesizing module 'Cnt4bits_ILA_MA_clk_wiz_0' [C:/Users/EMELNIAP8/Downloads/CntNbits_L_Sim_ILA_MA/CntNbits_L_Sim_ILA_MA/CntNbits_L_Sim_ILA_MA.runs/synth_1/.Xil/Vivado-14092-NTTD-GZ9VL13/realtime/Cnt4bits_ILA_MA_clk_wiz_0_stub.vhdl:16]
INFO: [Synth 8-3491] module 'Cnt4bits_ILA_MA_rst_clk_wiz_100M_0' declared at 'C:/Users/EMELNIAP8/Downloads/CntNbits_L_Sim_ILA_MA/CntNbits_L_Sim_ILA_MA/CntNbits_L_Sim_ILA_MA.runs/synth_1/.Xil/Vivado-14092-NTTD-GZ9VL13/realtime/Cnt4bits_ILA_MA_rst_clk_wiz_100M_0_stub.vhdl:6' bound to instance 'rst_clk_wiz_100M' of component 'Cnt4bits_ILA_MA_rst_clk_wiz_100M_0' [c:/Users/EMELNIAP8/Downloads/CntNbits_L_Sim_ILA_MA/CntNbits_L_Sim_ILA_MA/CntNbits_L_Sim_ILA_MA.gen/sources_1/bd/Cnt4bits_ILA_MA/synth/Cnt4bits_ILA_MA.vhd:167]
INFO: [Synth 8-638] synthesizing module 'Cnt4bits_ILA_MA_rst_clk_wiz_100M_0' [C:/Users/EMELNIAP8/Downloads/CntNbits_L_Sim_ILA_MA/CntNbits_L_Sim_ILA_MA/CntNbits_L_Sim_ILA_MA.runs/synth_1/.Xil/Vivado-14092-NTTD-GZ9VL13/realtime/Cnt4bits_ILA_MA_rst_clk_wiz_100M_0_stub.vhdl:22]
INFO: [Synth 8-3491] module 'Cnt4bits_ILA_MA_system_ila_0_0' declared at 'C:/Users/EMELNIAP8/Downloads/CntNbits_L_Sim_ILA_MA/CntNbits_L_Sim_ILA_MA/CntNbits_L_Sim_ILA_MA.runs/synth_1/.Xil/Vivado-14092-NTTD-GZ9VL13/realtime/Cnt4bits_ILA_MA_system_ila_0_0_stub.vhdl:6' bound to instance 'system_ila_0' of component 'Cnt4bits_ILA_MA_system_ila_0_0' [c:/Users/EMELNIAP8/Downloads/CntNbits_L_Sim_ILA_MA/CntNbits_L_Sim_ILA_MA/CntNbits_L_Sim_ILA_MA.gen/sources_1/bd/Cnt4bits_ILA_MA/synth/Cnt4bits_ILA_MA.vhd:180]
INFO: [Synth 8-638] synthesizing module 'Cnt4bits_ILA_MA_system_ila_0_0' [C:/Users/EMELNIAP8/Downloads/CntNbits_L_Sim_ILA_MA/CntNbits_L_Sim_ILA_MA/CntNbits_L_Sim_ILA_MA.runs/synth_1/.Xil/Vivado-14092-NTTD-GZ9VL13/realtime/Cnt4bits_ILA_MA_system_ila_0_0_stub.vhdl:21]
INFO: [Synth 8-3491] module 'Cnt4bits_ILA_MA_util_vector_logic_0_0' declared at 'C:/Users/EMELNIAP8/Downloads/CntNbits_L_Sim_ILA_MA/CntNbits_L_Sim_ILA_MA/CntNbits_L_Sim_ILA_MA.runs/synth_1/.Xil/Vivado-14092-NTTD-GZ9VL13/realtime/Cnt4bits_ILA_MA_util_vector_logic_0_0_stub.vhdl:6' bound to instance 'util_vector_logic_0' of component 'Cnt4bits_ILA_MA_util_vector_logic_0_0' [c:/Users/EMELNIAP8/Downloads/CntNbits_L_Sim_ILA_MA/CntNbits_L_Sim_ILA_MA/CntNbits_L_Sim_ILA_MA.gen/sources_1/bd/Cnt4bits_ILA_MA/synth/Cnt4bits_ILA_MA.vhd:192]
INFO: [Synth 8-638] synthesizing module 'Cnt4bits_ILA_MA_util_vector_logic_0_0' [C:/Users/EMELNIAP8/Downloads/CntNbits_L_Sim_ILA_MA/CntNbits_L_Sim_ILA_MA/CntNbits_L_Sim_ILA_MA.runs/synth_1/.Xil/Vivado-14092-NTTD-GZ9VL13/realtime/Cnt4bits_ILA_MA_util_vector_logic_0_0_stub.vhdl:15]
INFO: [Synth 8-256] done synthesizing module 'Cnt4bits_ILA_MA' (0#1) [c:/Users/EMELNIAP8/Downloads/CntNbits_L_Sim_ILA_MA/CntNbits_L_Sim_ILA_MA/CntNbits_L_Sim_ILA_MA.gen/sources_1/bd/Cnt4bits_ILA_MA/synth/Cnt4bits_ILA_MA.vhd:33]
INFO: [Synth 8-256] done synthesizing module 'Cnt4bits_ILA_MA_wrapper' (0#1) [C:/Users/EMELNIAP8/Downloads/CntNbits_L_Sim_ILA_MA/CntNbits_L_Sim_ILA_MA/CntNbits_L_Sim_ILA_MA.gen/sources_1/bd/Cnt4bits_ILA_MA/hdl/Cnt4bits_ILA_MA_wrapper.vhd:29]
INFO: [Synth 8-6071] Mark debug on the nets applies keep_hierarchy on instance 'Cnt4bits_ILA_MA_i'. This will prevent further optimization [C:/Users/EMELNIAP8/Downloads/CntNbits_L_Sim_ILA_MA/CntNbits_L_Sim_ILA_MA/CntNbits_L_Sim_ILA_MA.gen/sources_1/bd/Cnt4bits_ILA_MA/hdl/Cnt4bits_ILA_MA_wrapper.vhd:44]
---------------------------------------------------------------------------------
Finished RTL Elaboration : Time (s): cpu = 00:00:15 ; elapsed = 00:00:17 . Memory (MB): peak = 1547.789 ; gain = 560.281
---------------------------------------------------------------------------------
---------------------------------------------------------------------------------
Start Handling Custom Attributes
---------------------------------------------------------------------------------
---------------------------------------------------------------------------------
Finished Handling Custom Attributes : Time (s): cpu = 00:00:16 ; elapsed = 00:00:17 . Memory (MB): peak = 1547.789 ; gain = 560.281
---------------------------------------------------------------------------------
---------------------------------------------------------------------------------
Finished RTL Optimization Phase 1 : Time (s): cpu = 00:00:16 ; elapsed = 00:00:17 . Memory (MB): peak = 1547.789 ; gain = 560.281
---------------------------------------------------------------------------------
Netlist sorting complete. Time (s): cpu = 00:00:00 ; elapsed = 00:00:00.001 . Memory (MB): peak = 1547.789 ; gain = 0.000
INFO: [Project 1-570] Preparing netlist for logic optimization

Processing XDC Constraints
Initializing timing engine
Parsing XDC File [c:/Users/EMELNIAP8/Downloads/CntNbits_L_Sim_ILA_MA/CntNbits_L_Sim_ILA_MA/CntNbits_L_Sim_ILA_MA.gen/sources_1/bd/Cnt4bits_ILA_MA/ip/Cnt4bits_ILA_MA_clk_wiz_0/Cnt4bits_ILA_MA_clk_wiz_0/Cnt4bits_ILA_MA_clk_wiz_0_in_context.xdc] for cell 'Cnt4bits_ILA_MA_i/clk_wiz'
Finished Parsing XDC File [c:/Users/EMELNIAP8/Downloads/CntNbits_L_Sim_ILA_MA/CntNbits_L_Sim_ILA_MA/CntNbits_L_Sim_ILA_MA.gen/sources_1/bd/Cnt4bits_ILA_MA/ip/Cnt4bits_ILA_MA_clk_wiz_0/Cnt4bits_ILA_MA_clk_wiz_0/Cnt4bits_ILA_MA_clk_wiz_0_in_context.xdc] for cell 'Cnt4bits_ILA_MA_i/clk_wiz'
Parsing XDC File [c:/Users/EMELNIAP8/Downloads/CntNbits_L_Sim_ILA_MA/CntNbits_L_Sim_ILA_MA/CntNbits_L_Sim_ILA_MA.gen/sources_1/bd/Cnt4bits_ILA_MA/ip/Cnt4bits_ILA_MA_rst_clk_wiz_100M_0/Cnt4bits_ILA_MA_rst_clk_wiz_100M_0/Cnt4bits_ILA_MA_rst_clk_wiz_100M_0_in_context.xdc] for cell 'Cnt4bits_ILA_MA_i/rst_clk_wiz_100M'
Finished Parsing XDC File [c:/Users/EMELNIAP8/Downloads/CntNbits_L_Sim_ILA_MA/CntNbits_L_Sim_ILA_MA/CntNbits_L_Sim_ILA_MA.gen/sources_1/bd/Cnt4bits_ILA_MA/ip/Cnt4bits_ILA_MA_rst_clk_wiz_100M_0/Cnt4bits_ILA_MA_rst_clk_wiz_100M_0/Cnt4bits_ILA_MA_rst_clk_wiz_100M_0_in_context.xdc] for cell 'Cnt4bits_ILA_MA_i/rst_clk_wiz_100M'
Parsing XDC File [c:/Users/EMELNIAP8/Downloads/CntNbits_L_Sim_ILA_MA/CntNbits_L_Sim_ILA_MA/CntNbits_L_Sim_ILA_MA.gen/sources_1/bd/Cnt4bits_ILA_MA/ip/Cnt4bits_ILA_MA_system_ila_0_0/Cnt4bits_ILA_MA_system_ila_0_0/Cnt4bits_ILA_MA_system_ila_0_0_in_context.xdc] for cell 'Cnt4bits_ILA_MA_i/system_ila_0'
Finished Parsing XDC File [c:/Users/EMELNIAP8/Downloads/CntNbits_L_Sim_ILA_MA/CntNbits_L_Sim_ILA_MA/CntNbits_L_Sim_ILA_MA.gen/sources_1/bd/Cnt4bits_ILA_MA/ip/Cnt4bits_ILA_MA_system_ila_0_0/Cnt4bits_ILA_MA_system_ila_0_0/Cnt4bits_ILA_MA_system_ila_0_0_in_context.xdc] for cell 'Cnt4bits_ILA_MA_i/system_ila_0'
Parsing XDC File [c:/Users/EMELNIAP8/Downloads/CntNbits_L_Sim_ILA_MA/CntNbits_L_Sim_ILA_MA/CntNbits_L_Sim_ILA_MA.gen/sources_1/bd/Cnt4bits_ILA_MA/ip/Cnt4bits_ILA_MA_CntNbits_L_MA_0_0/Cnt4bits_ILA_MA_CntNbits_L_MA_0_0/Cnt4bits_ILA_MA_CntNbits_L_MA_0_0_in_context.xdc] for cell 'Cnt4bits_ILA_MA_i/CntNbits_L_MA_0'
Finished Parsing XDC File [c:/Users/EMELNIAP8/Downloads/CntNbits_L_Sim_ILA_MA/CntNbits_L_Sim_ILA_MA/CntNbits_L_Sim_ILA_MA.gen/sources_1/bd/Cnt4bits_ILA_MA/ip/Cnt4bits_ILA_MA_CntNbits_L_MA_0_0/Cnt4bits_ILA_MA_CntNbits_L_MA_0_0/Cnt4bits_ILA_MA_CntNbits_L_MA_0_0_in_context.xdc] for cell 'Cnt4bits_ILA_MA_i/CntNbits_L_MA_0'
Parsing XDC File [c:/Users/EMELNIAP8/Downloads/CntNbits_L_Sim_ILA_MA/CntNbits_L_Sim_ILA_MA/CntNbits_L_Sim_ILA_MA.gen/sources_1/bd/Cnt4bits_ILA_MA/ip/Cnt4bits_ILA_MA_Divblock_0_0/Cnt4bits_ILA_MA_Divblock_0_0/Cnt4bits_ILA_MA_Divblock_0_0_in_context.xdc] for cell 'Cnt4bits_ILA_MA_i/Divblock_0'
Finished Parsing XDC File [c:/Users/EMELNIAP8/Downloads/CntNbits_L_Sim_ILA_MA/CntNbits_L_Sim_ILA_MA/CntNbits_L_Sim_ILA_MA.gen/sources_1/bd/Cnt4bits_ILA_MA/ip/Cnt4bits_ILA_MA_Divblock_0_0/Cnt4bits_ILA_MA_Divblock_0_0/Cnt4bits_ILA_MA_Divblock_0_0_in_context.xdc] for cell 'Cnt4bits_ILA_MA_i/Divblock_0'
Parsing XDC File [c:/Users/EMELNIAP8/Downloads/CntNbits_L_Sim_ILA_MA/CntNbits_L_Sim_ILA_MA/CntNbits_L_Sim_ILA_MA.gen/sources_1/bd/Cnt4bits_ILA_MA/ip/Cnt4bits_ILA_MA_util_vector_logic_0_0/Cnt4bits_ILA_MA_util_vector_logic_0_0/Cnt4bits_ILA_MA_util_vector_logic_0_0_in_context.xdc] for cell 'Cnt4bits_ILA_MA_i/util_vector_logic_0'
Finished Parsing XDC File [c:/Users/EMELNIAP8/Downloads/CntNbits_L_Sim_ILA_MA/CntNbits_L_Sim_ILA_MA/CntNbits_L_Sim_ILA_MA.gen/sources_1/bd/Cnt4bits_ILA_MA/ip/Cnt4bits_ILA_MA_util_vector_logic_0_0/Cnt4bits_ILA_MA_util_vector_logic_0_0/Cnt4bits_ILA_MA_util_vector_logic_0_0_in_context.xdc] for cell 'Cnt4bits_ILA_MA_i/util_vector_logic_0'
Parsing XDC File [C:/Users/EMELNIAP8/Downloads/CntNbits_L_Sim_ILA_MA/CntNbits_L_Sim_ILA_MA/CntNbits_L_Sim_ILA_MA.srcs/constrs_1/new/Nexys-A7-100T-Master.xdc]
Finished Parsing XDC File [C:/Users/EMELNIAP8/Downloads/CntNbits_L_Sim_ILA_MA/CntNbits_L_Sim_ILA_MA/CntNbits_L_Sim_ILA_MA.srcs/constrs_1/new/Nexys-A7-100T-Master.xdc]
INFO: [Project 1-236] Implementation specific constraints were found while reading constraint file [C:/Users/EMELNIAP8/Downloads/CntNbits_L_Sim_ILA_MA/CntNbits_L_Sim_ILA_MA/CntNbits_L_Sim_ILA_MA.srcs/constrs_1/new/Nexys-A7-100T-Master.xdc]. These constraints will be ignored for synthesis but will be used in implementation. Impacted constraints are listed in the file [.Xil/Cnt4bits_ILA_MA_wrapper_propImpl.xdc].
Resolution: To avoid this warning, move constraints listed in [.Xil/Cnt4bits_ILA_MA_wrapper_propImpl.xdc] to another XDC file and exclude this new file from synthesis with the used_in_synthesis property (File Properties dialog in GUI) and re-run elaboration/synthesis.
Parsing XDC File [C:/Users/EMELNIAP8/Downloads/CntNbits_L_Sim_ILA_MA/CntNbits_L_Sim_ILA_MA/CntNbits_L_Sim_ILA_MA.runs/synth_1/dont_touch.xdc]
Finished Parsing XDC File [C:/Users/EMELNIAP8/Downloads/CntNbits_L_Sim_ILA_MA/CntNbits_L_Sim_ILA_MA/CntNbits_L_Sim_ILA_MA.runs/synth_1/dont_touch.xdc]
Completed Processing XDC Constraints

Netlist sorting complete. Time (s): cpu = 00:00:00 ; elapsed = 00:00:00 . Memory (MB): peak = 1559.812 ; gain = 0.000
INFO: [Project 1-111] Unisim Transformation Summary:
No Unisim elements were transformed.

Constraint Validation Runtime : Time (s): cpu = 00:00:00 ; elapsed = 00:00:00.012 . Memory (MB): peak = 1559.812 ; gain = 0.000
INFO: [Designutils 20-5440] No compile time benefit to using incremental synthesis; A full resynthesis will be run
INFO: [Designutils 20-4379] Flow is switching to default flow due to incremental criteria not met. If you would like to alter this behaviour and have the flow terminate instead, please set the following parameter config_implementation {autoIncr.Synth.RejectBehavior Terminate}
---------------------------------------------------------------------------------
Finished Constraint Validation : Time (s): cpu = 00:00:30 ; elapsed = 00:00:32 . Memory (MB): peak = 1559.812 ; gain = 572.305
---------------------------------------------------------------------------------
---------------------------------------------------------------------------------
Start Loading Part and Timing Information
---------------------------------------------------------------------------------
Loading part: xc7a100tcsg324-1
---------------------------------------------------------------------------------
Finished Loading Part and Timing Information : Time (s): cpu = 00:00:30 ; elapsed = 00:00:32 . Memory (MB): peak = 1559.812 ; gain = 572.305
---------------------------------------------------------------------------------
---------------------------------------------------------------------------------
Start Applying 'set_property' XDC Constraints
---------------------------------------------------------------------------------
Applied set_property IO_BUFFER_TYPE = NONE for sys_clock. (constraint file  c:/Users/EMELNIAP8/Downloads/CntNbits_L_Sim_ILA_MA/CntNbits_L_Sim_ILA_MA/CntNbits_L_Sim_ILA_MA.gen/sources_1/bd/Cnt4bits_ILA_MA/ip/Cnt4bits_ILA_MA_clk_wiz_0/Cnt4bits_ILA_MA_clk_wiz_0/Cnt4bits_ILA_MA_clk_wiz_0_in_context.xdc, line 3).
Applied set_property CLOCK_BUFFER_TYPE = NONE for sys_clock. (constraint file  c:/Users/EMELNIAP8/Downloads/CntNbits_L_Sim_ILA_MA/CntNbits_L_Sim_ILA_MA/CntNbits_L_Sim_ILA_MA.gen/sources_1/bd/Cnt4bits_ILA_MA/ip/Cnt4bits_ILA_MA_clk_wiz_0/Cnt4bits_ILA_MA_clk_wiz_0/Cnt4bits_ILA_MA_clk_wiz_0_in_context.xdc, line 4).
Applied set_property KEEP_HIERARCHY = SOFT for Cnt4bits_ILA_MA_i. (constraint file  auto generated constraint).
Applied set_property KEEP_HIERARCHY = SOFT for Cnt4bits_ILA_MA_i/clk_wiz. (constraint file  auto generated constraint).
Applied set_property KEEP_HIERARCHY = SOFT for Cnt4bits_ILA_MA_i/rst_clk_wiz_100M. (constraint file  auto generated constraint).
Applied set_property KEEP_HIERARCHY = SOFT for Cnt4bits_ILA_MA_i/system_ila_0. (constraint file  auto generated constraint).
Applied set_property KEEP_HIERARCHY = SOFT for Cnt4bits_ILA_MA_i/CntNbits_L_MA_0. (constraint file  auto generated constraint).
Applied set_property KEEP_HIERARCHY = SOFT for Cnt4bits_ILA_MA_i/Divblock_0. (constraint file  auto generated constraint).
Applied set_property KEEP_HIERARCHY = SOFT for Cnt4bits_ILA_MA_i/util_vector_logic_0. (constraint file  auto generated constraint).
---------------------------------------------------------------------------------
Finished applying 'set_property' XDC Constraints : Time (s): cpu = 00:00:30 ; elapsed = 00:00:32 . Memory (MB): peak = 1559.812 ; gain = 572.305
---------------------------------------------------------------------------------
---------------------------------------------------------------------------------
Finished RTL Optimization Phase 2 : Time (s): cpu = 00:00:30 ; elapsed = 00:00:32 . Memory (MB): peak = 1559.812 ; gain = 572.305
---------------------------------------------------------------------------------
---------------------------------------------------------------------------------
Start RTL Component Statistics 
---------------------------------------------------------------------------------
Detailed RTL Component Info : 
---------------------------------------------------------------------------------
Finished RTL Component Statistics 
---------------------------------------------------------------------------------
---------------------------------------------------------------------------------
Start Part Resource Summary
---------------------------------------------------------------------------------
Part Resources:
DSPs: 240 (col length:80)
BRAMs: 270 (col length: RAMB18 80 RAMB36 40)
---------------------------------------------------------------------------------
Finished Part Resource Summary
---------------------------------------------------------------------------------
---------------------------------------------------------------------------------
Start Cross Boundary and Area Optimization
---------------------------------------------------------------------------------
WARNING: [Synth 8-7080] Parallel synthesis criteria is not met
---------------------------------------------------------------------------------
Finished Cross Boundary and Area Optimization : Time (s): cpu = 00:00:34 ; elapsed = 00:00:36 . Memory (MB): peak = 1559.812 ; gain = 572.305
---------------------------------------------------------------------------------
---------------------------------------------------------------------------------
Start Applying XDC Timing Constraints
---------------------------------------------------------------------------------
---------------------------------------------------------------------------------
Finished Applying XDC Timing Constraints : Time (s): cpu = 00:00:44 ; elapsed = 00:00:46 . Memory (MB): peak = 1559.812 ; gain = 572.305
---------------------------------------------------------------------------------
---------------------------------------------------------------------------------
Start Timing Optimization
---------------------------------------------------------------------------------
---------------------------------------------------------------------------------
Finished Timing Optimization : Time (s): cpu = 00:00:44 ; elapsed = 00:00:46 . Memory (MB): peak = 1559.812 ; gain = 572.305
---------------------------------------------------------------------------------
---------------------------------------------------------------------------------
Start Technology Mapping
---------------------------------------------------------------------------------
---------------------------------------------------------------------------------
Finished Technology Mapping : Time (s): cpu = 00:00:44 ; elapsed = 00:00:46 . Memory (MB): peak = 1559.812 ; gain = 572.305
---------------------------------------------------------------------------------
---------------------------------------------------------------------------------
Start IO Insertion
---------------------------------------------------------------------------------
---------------------------------------------------------------------------------
Start Flattening Before IO Insertion
---------------------------------------------------------------------------------
---------------------------------------------------------------------------------
Finished Flattening Before IO Insertion
---------------------------------------------------------------------------------
---------------------------------------------------------------------------------
Start Final Netlist Cleanup
---------------------------------------------------------------------------------
---------------------------------------------------------------------------------
Finished Final Netlist Cleanup
---------------------------------------------------------------------------------
---------------------------------------------------------------------------------
Finished IO Insertion : Time (s): cpu = 00:00:53 ; elapsed = 00:00:56 . Memory (MB): peak = 1559.812 ; gain = 572.305
---------------------------------------------------------------------------------
---------------------------------------------------------------------------------
Start Renaming Generated Instances
---------------------------------------------------------------------------------
---------------------------------------------------------------------------------
Finished Renaming Generated Instances : Time (s): cpu = 00:00:53 ; elapsed = 00:00:56 . Memory (MB): peak = 1559.812 ; gain = 572.305
---------------------------------------------------------------------------------
---------------------------------------------------------------------------------
Start Rebuilding User Hierarchy
---------------------------------------------------------------------------------
---------------------------------------------------------------------------------
Finished Rebuilding User Hierarchy : Time (s): cpu = 00:00:53 ; elapsed = 00:00:56 . Memory (MB): peak = 1559.812 ; gain = 572.305
---------------------------------------------------------------------------------
---------------------------------------------------------------------------------
Start Renaming Generated Ports
---------------------------------------------------------------------------------
---------------------------------------------------------------------------------
Finished Renaming Generated Ports : Time (s): cpu = 00:00:53 ; elapsed = 00:00:56 . Memory (MB): peak = 1559.812 ; gain = 572.305
---------------------------------------------------------------------------------
---------------------------------------------------------------------------------
Start Handling Custom Attributes
---------------------------------------------------------------------------------
---------------------------------------------------------------------------------
Finished Handling Custom Attributes : Time (s): cpu = 00:00:53 ; elapsed = 00:00:56 . Memory (MB): peak = 1559.812 ; gain = 572.305
---------------------------------------------------------------------------------
---------------------------------------------------------------------------------
Start Renaming Generated Nets
---------------------------------------------------------------------------------
---------------------------------------------------------------------------------
Finished Renaming Generated Nets : Time (s): cpu = 00:00:53 ; elapsed = 00:00:56 . Memory (MB): peak = 1559.812 ; gain = 572.305
---------------------------------------------------------------------------------
---------------------------------------------------------------------------------
Start Writing Synthesis Report
---------------------------------------------------------------------------------

Report BlackBoxes: 
+------+--------------------------------------+----------+
|      |BlackBox name                         |Instances |
+------+--------------------------------------+----------+
|1     |Cnt4bits_ILA_MA_CntNbits_L_MA_0_0     |         1|
|2     |Cnt4bits_ILA_MA_Divblock_0_0          |         1|
|3     |Cnt4bits_ILA_MA_clk_wiz_0             |         1|
|4     |Cnt4bits_ILA_MA_rst_clk_wiz_100M_0    |         1|
|5     |Cnt4bits_ILA_MA_system_ila_0_0        |         1|
|6     |Cnt4bits_ILA_MA_util_vector_logic_0_0 |         1|
+------+--------------------------------------+----------+

Report Cell Usage: 
+------+-------------------------------------------+------+
|      |Cell                                       |Count |
+------+-------------------------------------------+------+
|1     |Cnt4bits_ILA_MA_CntNbits_L_MA_0_0_bbox     |     1|
|2     |Cnt4bits_ILA_MA_Divblock_0_0_bbox          |     1|
|3     |Cnt4bits_ILA_MA_clk_wiz_0_bbox             |     1|
|4     |Cnt4bits_ILA_MA_rst_clk_wiz_100M_0_bbox    |     1|
|5     |Cnt4bits_ILA_MA_system_ila_0_0_bbox        |     1|
|6     |Cnt4bits_ILA_MA_util_vector_logic_0_0_bbox |     1|
|7     |IBUF                                       |    10|
|8     |OBUF                                       |     5|
+------+-------------------------------------------+------+
---------------------------------------------------------------------------------
Finished Writing Synthesis Report : Time (s): cpu = 00:00:53 ; elapsed = 00:00:56 . Memory (MB): peak = 1559.812 ; gain = 572.305
---------------------------------------------------------------------------------
Synthesis finished with 0 errors, 0 critical warnings and 1 warnings.
Synthesis Optimization Runtime : Time (s): cpu = 00:00:34 ; elapsed = 00:00:52 . Memory (MB): peak = 1559.812 ; gain = 560.281
Synthesis Optimization Complete : Time (s): cpu = 00:00:53 ; elapsed = 00:00:56 . Memory (MB): peak = 1559.812 ; gain = 572.305
INFO: [Project 1-571] Translating synthesized netlist
Netlist sorting complete. Time (s): cpu = 00:00:00 ; elapsed = 00:00:00.001 . Memory (MB): peak = 1559.812 ; gain = 0.000
INFO: [Project 1-570] Preparing netlist for logic optimization
INFO: [Opt 31-138] Pushed 0 inverter(s) to 0 load pin(s).
Netlist sorting complete. Time (s): cpu = 00:00:00 ; elapsed = 00:00:00 . Memory (MB): peak = 1559.812 ; gain = 0.000
INFO: [Project 1-111] Unisim Transformation Summary:
No Unisim elements were transformed.

Synth Design complete | Checksum: 9478bc89
INFO: [Common 17-83] Releasing license: Synthesis
41 Infos, 1 Warnings, 0 Critical Warnings and 0 Errors encountered.
synth_design completed successfully
synth_design: Time (s): cpu = 00:01:02 ; elapsed = 00:01:08 . Memory (MB): peak = 1559.812 ; gain = 979.895
Write ShapeDB Complete: Time (s): cpu = 00:00:00 ; elapsed = 00:00:00.003 . Memory (MB): peak = 1559.812 ; gain = 0.000
INFO: [Common 17-1381] The checkpoint 'C:/Users/EMELNIAP8/Downloads/CntNbits_L_Sim_ILA_MA/CntNbits_L_Sim_ILA_MA/CntNbits_L_Sim_ILA_MA.runs/synth_1/Cnt4bits_ILA_MA_wrapper.dcp' has been generated.
INFO: [Vivado 12-24828] Executing command : report_utilization -file Cnt4bits_ILA_MA_wrapper_utilization_synth.rpt -pb Cnt4bits_ILA_MA_wrapper_utilization_synth.pb
INFO: [Common 17-206] Exiting Vivado at Wed Feb 19 09:08:28 2025...
